<?xml version="1.0" encoding="UTF-8"?>
<!-- Generated by org.testng.reporters.JUnitXMLReporter -->
<testsuite ignored="0" hostname="Users-MacBook-Pro.local" failures="0" tests="5" name="Default test" time="55.687" errors="0" timestamp="2022-11-12T16:55:35 CET">
  <testcase classname="com.softwaretestingboard.magento.miniproject.CompleteTest" name="RegistrationTest" time="6.236"/>
  <testcase classname="com.softwaretestingboard.magento.miniproject.CompleteTest" name="LogInTest" time="8.045"/>
  <testcase classname="com.softwaretestingboard.magento.miniproject.CompleteTest" name="CheckPageFilters" time="3.728"/>
  <testcase classname="com.softwaretestingboard.magento.miniproject.CompleteTest" name="wishListControlTest" time="8.347"/>
  <testcase classname="com.softwaretestingboard.magento.miniproject.CompleteTest" name="ShopCartTests" time="24.877"/>
</testsuite> <!-- Default test -->
