<?xml version="1.0" encoding="UTF-8"?>
<testsuite xmlns:xsi="http://www.w3.org/2001/XMLSchema-instance" xsi:noNamespaceSchemaLocation="https://maven.apache.org/surefire/maven-surefire-plugin/xsd/surefire-test-report.xsd" name="TestSuite" time="30.266" tests="5" errors="0" skipped="0" failures="1">
  <properties>
[...]
</properties>
  <testcase name="RegistrationTest" classname="com.softwaretestingboard.magento.miniproject.CompleteTest" time="10.057"/>
  <testcase name="LogInTest" classname="com.softwaretestingboard.magento.miniproject.CompleteTest" time="2.649"/>
  <testcase name="CheckPageFilters" classname="com.softwaretestingboard.magento.miniproject.CompleteTest" time="3.312"/>
  <testcase name="wishListControl" classname="com.softwaretestingboard.magento.miniproject.CompleteTest" time="6.204">
    <failure message="expected [2 items] but found [1 item]" type="java.lang.AssertionError">java.lang.AssertionError: expected [2 items] but found [1 item]
	at com.softwaretestingboard.magento.miniproject.CompleteTest.wishListControl(CompleteTest.java:166)
</failure>
    <system-out><![CDATA[Success,the number is increased
true
true
1 item
]]></system-out>
  </testcase>
  <testcase name="ShopCardTests" classname="com.softwaretestingboard.magento.miniproject.CompleteTest" time="3.513"/>
</testsuite>