<?xml version="1.0" encoding="UTF-8"?>
<testng-results ignored="0" total="5" passed="5" failed="0" skipped="0">
  <reporter-output>
  </reporter-output>
  <suite started-at="2022-11-12T16:54:39 CET" name="Default suite" finished-at="2022-11-12T16:55:35 CET" duration-ms="55687">
    <groups>
    </groups>
    <test started-at="2022-11-12T16:54:39 CET" name="Default test" finished-at="2022-11-12T16:55:35 CET" duration-ms="55687">
      <class name="com.softwaretestingboard.magento.miniproject.CompleteTest">
        <test-method is-config="true" signature="setup()[pri:0, instance:com.softwaretestingboard.magento.miniproject.CompleteTest@bd4dc25]" started-at="2022-11-12T16:54:39 CET" name="setup" finished-at="2022-11-12T16:54:43 CET" duration-ms="4086" status="PASS">
          <reporter-output>
          </reporter-output>
        </test-method> <!-- setup -->
        <test-method is-config="true" signature="generateData()[pri:0, instance:com.softwaretestingboard.magento.miniproject.CompleteTest@bd4dc25]" started-at="2022-11-12T16:54:43 CET" name="generateData" finished-at="2022-11-12T16:54:43 CET" duration-ms="4" status="PASS">
          <reporter-output>
          </reporter-output>
        </test-method> <!-- generateData -->
        <test-method signature="RegistrationTest()[pri:1, instance:com.softwaretestingboard.magento.miniproject.CompleteTest@bd4dc25]" started-at="2022-11-12T16:54:43 CET" name="RegistrationTest" finished-at="2022-11-12T16:54:49 CET" duration-ms="6236" status="PASS">
          <reporter-output>
          </reporter-output>
        </test-method> <!-- RegistrationTest -->
        <test-method signature="LogInTest()[pri:2, instance:com.softwaretestingboard.magento.miniproject.CompleteTest@bd4dc25]" started-at="2022-11-12T16:54:50 CET" name="LogInTest" finished-at="2022-11-12T16:54:58 CET" duration-ms="8045" status="PASS">
          <reporter-output>
          </reporter-output>
        </test-method> <!-- LogInTest -->
        <test-method signature="CheckPageFilters()[pri:3, instance:com.softwaretestingboard.magento.miniproject.CompleteTest@bd4dc25]" started-at="2022-11-12T16:54:58 CET" name="CheckPageFilters" finished-at="2022-11-12T16:55:01 CET" duration-ms="3728" status="PASS">
          <reporter-output>
          </reporter-output>
        </test-method> <!-- CheckPageFilters -->
        <test-method signature="wishListControlTest()[pri:4, instance:com.softwaretestingboard.magento.miniproject.CompleteTest@bd4dc25]" started-at="2022-11-12T16:55:01 CET" name="wishListControlTest" finished-at="2022-11-12T16:55:10 CET" duration-ms="8347" status="PASS">
          <reporter-output>
          </reporter-output>
        </test-method> <!-- wishListControlTest -->
        <test-method signature="ShopCartTests()[pri:5, instance:com.softwaretestingboard.magento.miniproject.CompleteTest@bd4dc25]" started-at="2022-11-12T16:55:10 CET" name="ShopCartTests" finished-at="2022-11-12T16:55:35 CET" duration-ms="24877" status="PASS">
          <reporter-output>
          </reporter-output>
        </test-method> <!-- ShopCartTests -->
        <test-method is-config="true" signature="end()[pri:0, instance:com.softwaretestingboard.magento.miniproject.CompleteTest@bd4dc25]" started-at="2022-11-12T16:55:35 CET" name="end" finished-at="2022-11-12T16:55:35 CET" duration-ms="276" status="PASS">
          <reporter-output>
          </reporter-output>
        </test-method> <!-- end -->
      </class> <!-- com.softwaretestingboard.magento.miniproject.CompleteTest -->
    </test> <!-- Default test -->
  </suite> <!-- Default suite -->
</testng-results>
